android/build/intermediates/manifest_merge_blame_file/debug/manifest-merger-blame-debug-report.txt
1<?xml version="1.0" encoding="utf-8"?>
2<manifest xmlns:android="http://schemas.android.com/apk/res/android"
3    package="com.mygdx.game"
4    android:versionCode="1"
5    android:versionName="1.0" >
6
7    <uses-sdk
8        android:minSdkVersion="14"
8-->witch\android\AndroidManifest.xml
9        android:targetSdkVersion="30" />
9-->witch\android\AndroidManifest.xml
10
11    <uses-permission android:name="android.permission.VIBRATE" />
11-->witch\android\AndroidManifest.xml:4:5-66
11-->witch\android\AndroidManifest.xml:4:22-63
12
13    <application
13-->witch\android\AndroidManifest.xml:6:5-23:19
14        android:allowBackup="true"
14-->witch\android\AndroidManifest.xml:7:9-35
15        android:appCategory="game"
15-->witch\android\AndroidManifest.xml:10:9-35
16        android:debuggable="true"
17        android:icon="@mipmap/ic_launcher"
17-->witch\android\AndroidManifest.xml:8:9-43
18        android:isGame="true"
18-->witch\android\AndroidManifest.xml:9:9-30
19        android:label="@string/app_name"
19-->witch\android\AndroidManifest.xml:11:9-41
20        android:theme="@style/GdxTheme" >
20-->witch\android\AndroidManifest.xml:12:9-40
21        <activity
21-->witch\android\AndroidManifest.xml:13:9-22:20
22            android:name="com.mygdx.game.AndroidLauncher"
22-->witch\android\AndroidManifest.xml:14:13-58
23            android:configChanges="keyboard|keyboardHidden|navigation|orientation|screenSize|screenLayout"
23-->witch\android\AndroidManifest.xml:17:13-107
24            android:label="@string/app_name"
24-->witch\android\AndroidManifest.xml:15:13-45
25            android:screenOrientation="portrait" >
25-->witch\android\AndroidManifest.xml:16:13-49
26            <intent-filter>
26-->witch\android\AndroidManifest.xml:18:13-21:29
27                <action android:name="android.intent.action.MAIN" />
27-->witch\android\AndroidManifest.xml:19:17-69
27-->witch\android\AndroidManifest.xml:19:25-66
28
29                <category android:name="android.intent.category.LAUNCHER" />
29-->witch\android\AndroidManifest.xml:20:17-77
29-->witch\android\AndroidManifest.xml:20:27-74
30            </intent-filter>
31        </activity>
32    </application>
33
34</manifest>